
*** Running vivado
    with args -log cpu_inst2_rom.vds -m64 -product Vivado -mode batch -messageDb vivado.pb -notrace -source cpu_inst2_rom.tcl



****** Vivado v2024.1 (64-bit)
  **** SW Build 5076996 on Wed May 22 18:37:14 MDT 2024
  **** IP Build 5075265 on Wed May 22 21:45:21 MDT 2024
  **** SharedData Build 5076995 on Wed May 22 18:29:18 MDT 2024
  **** Start of session at: Mon Oct 14 08:45:27 2024
    ** Copyright 1986-2022 Xilinx, Inc. All Rights Reserved.
    ** Copyright 2022-2024 Advanced Micro Devices, Inc. All Rights Reserved.

source cpu_inst2_rom.tcl -notrace
create_project: Time (s): cpu = 00:00:06 ; elapsed = 00:00:06 . Memory (MB): peak = 531.438 ; gain = 202.020
INFO: [IP_Flow 19-234] Refreshing IP repositories
WARNING: [IP_Flow 19-2248] Failed to load user IP repository 'e:/COLLEGE/lcd_controller/lcd_controller.srcs/sources_1'; Can't find the specified path.
If this directory should no longer be in your list of user repositories, go to the IP Settings dialog and remove it.
WARNING: [IP_Flow 19-2248] Failed to load user IP repository 'e:/COLLEGE/ma_river_core/ma_river_core.srcs/sources_1'; Can't find the specified path.
If this directory should no longer be in your list of user repositories, go to the IP Settings dialog and remove it.
INFO: [IP_Flow 19-2313] Loaded Vivado IP repository 'E:/vivado/Vivado/2024.1/data/ip'.
INFO: [IP_Flow 19-6924] IPCACHE: Running cache check for IP inst: cpu_inst2_rom
INFO: [IP_Flow 19-6922] IPCACHE: Exporting cached entry 2bc0132c1366ebf7 to dir: E:/COLLEGE/homework/hit-coa-lab/lab1/lab1.runs/cpu_inst2_rom_synth_1
INFO: [IP_Flow 19-6928] IPCACHE: copied cached file e:/COLLEGE/homework/hit-coa-lab/lab1/lab1.cache/ip/2024.1/2/b/2bc0132c1366ebf7/cpu_inst2_rom.dcp to E:/COLLEGE/homework/hit-coa-lab/lab1/lab1.runs/cpu_inst2_rom_synth_1/cpu_inst2_rom.dcp.
INFO: [IP_Flow 19-6928] IPCACHE: copied cached file e:/COLLEGE/homework/hit-coa-lab/lab1/lab1.cache/ip/2024.1/2/b/2bc0132c1366ebf7/cpu_inst2_rom_sim_netlist.v to E:/COLLEGE/homework/hit-coa-lab/lab1/lab1.runs/cpu_inst2_rom_synth_1/cpu_inst2_rom_sim_netlist.v.
INFO: [IP_Flow 19-6928] IPCACHE: copied cached file e:/COLLEGE/homework/hit-coa-lab/lab1/lab1.cache/ip/2024.1/2/b/2bc0132c1366ebf7/cpu_inst2_rom_sim_netlist.vhdl to E:/COLLEGE/homework/hit-coa-lab/lab1/lab1.runs/cpu_inst2_rom_synth_1/cpu_inst2_rom_sim_netlist.vhdl.
INFO: [IP_Flow 19-6928] IPCACHE: copied cached file e:/COLLEGE/homework/hit-coa-lab/lab1/lab1.cache/ip/2024.1/2/b/2bc0132c1366ebf7/cpu_inst2_rom_stub.v to E:/COLLEGE/homework/hit-coa-lab/lab1/lab1.runs/cpu_inst2_rom_synth_1/cpu_inst2_rom_stub.v.
INFO: [IP_Flow 19-6928] IPCACHE: copied cached file e:/COLLEGE/homework/hit-coa-lab/lab1/lab1.cache/ip/2024.1/2/b/2bc0132c1366ebf7/cpu_inst2_rom_stub.vhdl to E:/COLLEGE/homework/hit-coa-lab/lab1/lab1.runs/cpu_inst2_rom_synth_1/cpu_inst2_rom_stub.vhdl.
INFO: [IP_Flow 19-4838] Using cached IP synthesis design for IP cpu_inst2_rom, cache-ID = 2bc0132c1366ebf7.
INFO: [Common 17-206] Exiting Vivado at Mon Oct 14 08:45:43 2024...
